
   _|_|    _|_|_|    _|_|_|_|_|  _|_|_|  _|      _|  _|    _|    _|_|_|
 _|    _|  _|    _|      _|        _|    _|_|  _|_|  _|    _|  _|
 _|    _|  _|_|_|        _|        _|    _|  _|  _|  _|    _|    _|_|
 _|    _|  _|            _|        _|    _|      _|  _|    _|        _|
   _|_|    _|            _|      _|_|_|  _|      _|    _|_|    _|_|_|

                            KERNEL Rev 10.17

Reading sequence file RANDOM_DOE_1_2.seq
Verifying sequence
Random method: Seed used for random generator = 97
Wed Nov 18 23:13:56 2015: Starting experiment 1/250
Wed Nov 18 23:13:57 2015: Starting experiment 2/250
Wed Nov 18 23:13:58 2015: Starting experiment 3/250
Wed Nov 18 23:14:00 2015: Starting experiment 4/250
Wed Nov 18 23:14:01 2015: Starting experiment 5/250
Wed Nov 18 23:14:02 2015: Starting experiment 6/250
Wed Nov 18 23:14:03 2015: Starting experiment 7/250
Wed Nov 18 23:14:05 2015: Starting experiment 8/250
Wed Nov 18 23:14:07 2015: Starting experiment 9/250
Wed Nov 18 23:14:08 2015: Starting experiment 10/250
Wed Nov 18 23:14:10 2015: Starting experiment 11/250
Wed Nov 18 23:14:12 2015: Starting experiment 12/250
Wed Nov 18 23:14:13 2015: Starting experiment 13/250
Wed Nov 18 23:14:15 2015: Starting experiment 14/250
Wed Nov 18 23:14:17 2015: Starting experiment 15/250
Wed Nov 18 23:14:18 2015: Starting experiment 16/250
Wed Nov 18 23:14:20 2015: Starting experiment 17/250
Wed Nov 18 23:14:22 2015: Starting experiment 18/250
Wed Nov 18 23:14:24 2015: Starting experiment 19/250
Wed Nov 18 23:14:25 2015: Starting experiment 20/250
Wed Nov 18 23:14:27 2015: Starting experiment 21/250
Wed Nov 18 23:14:29 2015: Starting experiment 22/250
Wed Nov 18 23:14:30 2015: Starting experiment 23/250
Wed Nov 18 23:14:31 2015: Starting experiment 24/250
Wed Nov 18 23:14:33 2015: Starting experiment 25/250
Wed Nov 18 23:14:34 2015: Starting experiment 26/250
Wed Nov 18 23:14:35 2015: Starting experiment 27/250
Wed Nov 18 23:14:37 2015: Starting experiment 28/250
Wed Nov 18 23:14:38 2015: Starting experiment 29/250
Wed Nov 18 23:14:39 2015: Starting experiment 30/250
Wed Nov 18 23:14:41 2015: Starting experiment 31/250
Wed Nov 18 23:14:42 2015: Starting experiment 32/250
Wed Nov 18 23:14:43 2015: Starting experiment 33/250
Wed Nov 18 23:14:45 2015: Starting experiment 34/250
Wed Nov 18 23:14:46 2015: Starting experiment 35/250
Wed Nov 18 23:14:47 2015: Starting experiment 36/250
Wed Nov 18 23:14:49 2015: Starting experiment 37/250
Wed Nov 18 23:14:50 2015: Starting experiment 38/250
Wed Nov 18 23:14:51 2015: Starting experiment 39/250
Wed Nov 18 23:14:53 2015: Starting experiment 40/250
Wed Nov 18 23:14:54 2015: Starting experiment 41/250
Wed Nov 18 23:14:55 2015: Starting experiment 42/250
Wed Nov 18 23:14:57 2015: Starting experiment 43/250
Wed Nov 18 23:14:59 2015: Starting experiment 44/250
Wed Nov 18 23:15:00 2015: Starting experiment 45/250
Wed Nov 18 23:15:01 2015: Starting experiment 46/250
Wed Nov 18 23:15:03 2015: Starting experiment 47/250
Wed Nov 18 23:15:04 2015: Starting experiment 48/250
Wed Nov 18 23:15:06 2015: Starting experiment 49/250
Wed Nov 18 23:15:07 2015: Starting experiment 50/250
Wed Nov 18 23:15:08 2015: Starting experiment 51/250
Wed Nov 18 23:15:10 2015: Starting experiment 52/250
Wed Nov 18 23:15:11 2015: Starting experiment 53/250
Wed Nov 18 23:15:13 2015: Starting experiment 54/250
Wed Nov 18 23:15:14 2015: Starting experiment 55/250
Wed Nov 18 23:15:16 2015: Starting experiment 56/250
Wed Nov 18 23:15:17 2015: Starting experiment 57/250
Wed Nov 18 23:15:18 2015: Starting experiment 58/250
Wed Nov 18 23:15:20 2015: Starting experiment 59/250
Wed Nov 18 23:15:22 2015: Starting experiment 60/250
Wed Nov 18 23:15:23 2015: Starting experiment 61/250
Wed Nov 18 23:15:24 2015: Starting experiment 62/250
Wed Nov 18 23:15:26 2015: Starting experiment 63/250
Wed Nov 18 23:15:28 2015: Starting experiment 64/250
Wed Nov 18 23:15:32 2015: Starting experiment 65/250
Wed Nov 18 23:15:35 2015: Starting experiment 66/250
Wed Nov 18 23:15:36 2015: Starting experiment 67/250
Wed Nov 18 23:15:38 2015: Starting experiment 68/250
Wed Nov 18 23:15:39 2015: Starting experiment 69/250
Wed Nov 18 23:15:41 2015: Starting experiment 70/250
Wed Nov 18 23:15:42 2015: Starting experiment 71/250
Wed Nov 18 23:15:43 2015: Starting experiment 72/250
Wed Nov 18 23:15:44 2015: Starting experiment 73/250
Wed Nov 18 23:15:46 2015: Starting experiment 74/250
Wed Nov 18 23:15:47 2015: Starting experiment 75/250
Wed Nov 18 23:15:48 2015: Starting experiment 76/250
Wed Nov 18 23:15:50 2015: Starting experiment 77/250
Wed Nov 18 23:15:51 2015: Starting experiment 78/250
Wed Nov 18 23:15:52 2015: Starting experiment 79/250
Wed Nov 18 23:15:54 2015: Starting experiment 80/250
Wed Nov 18 23:15:55 2015: Starting experiment 81/250
Wed Nov 18 23:15:56 2015: Starting experiment 82/250
Wed Nov 18 23:15:57 2015: Starting experiment 83/250
Wed Nov 18 23:15:58 2015: Starting experiment 84/250
Wed Nov 18 23:16:00 2015: Starting experiment 85/250
Wed Nov 18 23:16:01 2015: Starting experiment 86/250
Wed Nov 18 23:16:02 2015: Starting experiment 87/250
Wed Nov 18 23:16:03 2015: Starting experiment 88/250
Wed Nov 18 23:16:05 2015: Starting experiment 89/250
Wed Nov 18 23:16:06 2015: Starting experiment 90/250
Wed Nov 18 23:16:07 2015: Starting experiment 91/250
Wed Nov 18 23:16:09 2015: Starting experiment 92/250
Wed Nov 18 23:16:10 2015: Starting experiment 93/250
Wed Nov 18 23:16:11 2015: Starting experiment 94/250
Wed Nov 18 23:16:12 2015: Starting experiment 95/250
Wed Nov 18 23:16:14 2015: Starting experiment 96/250
Wed Nov 18 23:16:15 2015: Starting experiment 97/250
Wed Nov 18 23:16:16 2015: Starting experiment 98/250
Wed Nov 18 23:16:18 2015: Starting experiment 99/250
Wed Nov 18 23:16:19 2015: Starting experiment 100/250
Wed Nov 18 23:16:20 2015: Starting experiment 101/250
Wed Nov 18 23:16:22 2015: Starting experiment 102/250
Wed Nov 18 23:16:23 2015: Starting experiment 103/250
Wed Nov 18 23:16:24 2015: Starting experiment 104/250
Wed Nov 18 23:16:25 2015: Starting experiment 105/250
Wed Nov 18 23:16:27 2015: Starting experiment 106/250
Wed Nov 18 23:16:28 2015: Starting experiment 107/250
Wed Nov 18 23:16:29 2015: Starting experiment 108/250
Wed Nov 18 23:16:31 2015: Starting experiment 109/250
Wed Nov 18 23:16:32 2015: Starting experiment 110/250
Wed Nov 18 23:16:33 2015: Starting experiment 111/250
Wed Nov 18 23:16:35 2015: Starting experiment 112/250
Wed Nov 18 23:16:36 2015: Starting experiment 113/250
Wed Nov 18 23:16:37 2015: Starting experiment 114/250
Wed Nov 18 23:16:38 2015: Starting experiment 115/250
Wed Nov 18 23:16:40 2015: Starting experiment 116/250
Wed Nov 18 23:16:41 2015: Starting experiment 117/250
Wed Nov 18 23:16:42 2015: Starting experiment 118/250
Wed Nov 18 23:16:43 2015: Starting experiment 119/250
Wed Nov 18 23:16:45 2015: Starting experiment 120/250
Wed Nov 18 23:16:46 2015: Starting experiment 121/250
Wed Nov 18 23:16:47 2015: Starting experiment 122/250
Wed Nov 18 23:16:48 2015: Starting experiment 123/250
Wed Nov 18 23:16:50 2015: Starting experiment 124/250
Wed Nov 18 23:16:51 2015: Starting experiment 125/250
Wed Nov 18 23:16:52 2015: Starting experiment 126/250
Wed Nov 18 23:16:54 2015: Starting experiment 127/250
Wed Nov 18 23:16:55 2015: Starting experiment 128/250
Wed Nov 18 23:16:56 2015: Starting experiment 129/250
Wed Nov 18 23:16:58 2015: Starting experiment 130/250
Wed Nov 18 23:16:59 2015: Starting experiment 131/250
Wed Nov 18 23:17:00 2015: Starting experiment 132/250
Wed Nov 18 23:17:02 2015: Starting experiment 133/250
Wed Nov 18 23:17:03 2015: Starting experiment 134/250
Wed Nov 18 23:17:04 2015: Starting experiment 135/250
Wed Nov 18 23:17:06 2015: Starting experiment 136/250
Wed Nov 18 23:17:07 2015: Starting experiment 137/250
Wed Nov 18 23:17:08 2015: Starting experiment 138/250
Wed Nov 18 23:17:09 2015: Starting experiment 139/250
Wed Nov 18 23:17:11 2015: Starting experiment 140/250
Wed Nov 18 23:17:12 2015: Starting experiment 141/250
Wed Nov 18 23:17:13 2015: Starting experiment 142/250
Wed Nov 18 23:17:14 2015: Starting experiment 143/250
Wed Nov 18 23:17:16 2015: Starting experiment 144/250
Wed Nov 18 23:17:17 2015: Starting experiment 145/250
Wed Nov 18 23:17:18 2015: Starting experiment 146/250
Wed Nov 18 23:17:20 2015: Starting experiment 147/250
Wed Nov 18 23:17:21 2015: Starting experiment 148/250
Wed Nov 18 23:17:22 2015: Starting experiment 149/250
Wed Nov 18 23:17:24 2015: Starting experiment 150/250
Wed Nov 18 23:17:25 2015: Starting experiment 151/250
Wed Nov 18 23:17:26 2015: Starting experiment 152/250
Wed Nov 18 23:17:27 2015: Starting experiment 153/250
Wed Nov 18 23:17:29 2015: Starting experiment 154/250
Wed Nov 18 23:17:30 2015: Starting experiment 155/250
Wed Nov 18 23:17:31 2015: Starting experiment 156/250
Wed Nov 18 23:17:33 2015: Starting experiment 157/250
Wed Nov 18 23:17:34 2015: Starting experiment 158/250
Wed Nov 18 23:17:35 2015: Starting experiment 159/250
Wed Nov 18 23:17:37 2015: Starting experiment 160/250
Wed Nov 18 23:17:38 2015: Starting experiment 161/250
Wed Nov 18 23:17:39 2015: Starting experiment 162/250
Wed Nov 18 23:17:41 2015: Starting experiment 163/250
Wed Nov 18 23:17:42 2015: Starting experiment 164/250
Wed Nov 18 23:17:43 2015: Starting experiment 165/250
Wed Nov 18 23:17:45 2015: Starting experiment 166/250
Wed Nov 18 23:17:46 2015: Starting experiment 167/250
Wed Nov 18 23:17:47 2015: Starting experiment 168/250
Wed Nov 18 23:17:48 2015: Starting experiment 169/250
Wed Nov 18 23:17:50 2015: Starting experiment 170/250
Wed Nov 18 23:17:51 2015: Starting experiment 171/250
Wed Nov 18 23:17:52 2015: Starting experiment 172/250
Wed Nov 18 23:17:54 2015: Starting experiment 173/250
Wed Nov 18 23:17:55 2015: Starting experiment 174/250
Wed Nov 18 23:17:57 2015: Starting experiment 175/250
Wed Nov 18 23:17:58 2015: Starting experiment 176/250
Wed Nov 18 23:18:00 2015: Starting experiment 177/250
Wed Nov 18 23:18:01 2015: Starting experiment 178/250
Wed Nov 18 23:18:02 2015: Starting experiment 179/250
Wed Nov 18 23:18:04 2015: Starting experiment 180/250
Wed Nov 18 23:18:05 2015: Starting experiment 181/250
Wed Nov 18 23:18:07 2015: Starting experiment 182/250
Wed Nov 18 23:18:08 2015: Starting experiment 183/250
Wed Nov 18 23:18:09 2015: Starting experiment 184/250
Wed Nov 18 23:18:11 2015: Starting experiment 185/250
Wed Nov 18 23:18:12 2015: Starting experiment 186/250
Wed Nov 18 23:18:13 2015: Starting experiment 187/250
Wed Nov 18 23:18:15 2015: Starting experiment 188/250
Wed Nov 18 23:18:16 2015: Starting experiment 189/250
Wed Nov 18 23:18:17 2015: Starting experiment 190/250
Wed Nov 18 23:18:18 2015: Starting experiment 191/250
Wed Nov 18 23:18:20 2015: Starting experiment 192/250
Wed Nov 18 23:18:21 2015: Starting experiment 193/250
Wed Nov 18 23:18:22 2015: Starting experiment 194/250
Wed Nov 18 23:18:23 2015: Starting experiment 195/250
Wed Nov 18 23:18:25 2015: Starting experiment 196/250
Wed Nov 18 23:18:26 2015: Starting experiment 197/250
Wed Nov 18 23:18:27 2015: Starting experiment 198/250
Wed Nov 18 23:18:28 2015: Starting experiment 199/250
Wed Nov 18 23:18:29 2015: Starting experiment 200/250
Wed Nov 18 23:18:31 2015: Starting experiment 201/250
Wed Nov 18 23:18:32 2015: Starting experiment 202/250
Wed Nov 18 23:18:33 2015: Starting experiment 203/250
Wed Nov 18 23:18:35 2015: Starting experiment 204/250
Wed Nov 18 23:18:36 2015: Starting experiment 205/250
Wed Nov 18 23:18:37 2015: Starting experiment 206/250
Wed Nov 18 23:18:38 2015: Starting experiment 207/250
Wed Nov 18 23:18:39 2015: Starting experiment 208/250
Wed Nov 18 23:18:41 2015: Starting experiment 209/250
Wed Nov 18 23:18:42 2015: Starting experiment 210/250
Wed Nov 18 23:18:44 2015: Starting experiment 211/250
Wed Nov 18 23:18:45 2015: Starting experiment 212/250
Wed Nov 18 23:18:47 2015: Starting experiment 213/250
Wed Nov 18 23:18:48 2015: Starting experiment 214/250
Wed Nov 18 23:18:49 2015: Starting experiment 215/250
Wed Nov 18 23:18:50 2015: Starting experiment 216/250
Wed Nov 18 23:18:52 2015: Starting experiment 217/250
Wed Nov 18 23:18:53 2015: Starting experiment 218/250
Wed Nov 18 23:18:54 2015: Starting experiment 219/250
Wed Nov 18 23:18:56 2015: Starting experiment 220/250
Wed Nov 18 23:18:57 2015: Starting experiment 221/250
Wed Nov 18 23:18:59 2015: Starting experiment 222/250
Wed Nov 18 23:19:00 2015: Starting experiment 223/250
Wed Nov 18 23:19:01 2015: Starting experiment 224/250
Wed Nov 18 23:19:02 2015: Starting experiment 225/250
Wed Nov 18 23:19:04 2015: Starting experiment 226/250
Wed Nov 18 23:19:05 2015: Starting experiment 227/250
Wed Nov 18 23:19:07 2015: Starting experiment 228/250
Wed Nov 18 23:19:08 2015: Starting experiment 229/250
Wed Nov 18 23:19:09 2015: Starting experiment 230/250
Wed Nov 18 23:19:10 2015: Starting experiment 231/250
Wed Nov 18 23:19:11 2015: Starting experiment 232/250
Wed Nov 18 23:19:13 2015: Starting experiment 233/250
Wed Nov 18 23:19:14 2015: Starting experiment 234/250
Wed Nov 18 23:19:15 2015: Starting experiment 235/250
Wed Nov 18 23:19:16 2015: Starting experiment 236/250
Wed Nov 18 23:19:18 2015: Starting experiment 237/250
Wed Nov 18 23:19:19 2015: Starting experiment 238/250
Wed Nov 18 23:19:20 2015: Starting experiment 239/250
Wed Nov 18 23:19:22 2015: Starting experiment 240/250
Wed Nov 18 23:19:23 2015: Starting experiment 241/250
Wed Nov 18 23:19:24 2015: Starting experiment 242/250
Wed Nov 18 23:19:25 2015: Starting experiment 243/250
Wed Nov 18 23:19:27 2015: Starting experiment 244/250
Wed Nov 18 23:19:28 2015: Starting experiment 245/250
Wed Nov 18 23:19:29 2015: Starting experiment 246/250
Wed Nov 18 23:19:31 2015: Starting experiment 247/250
Wed Nov 18 23:19:32 2015: Starting experiment 248/250
Wed Nov 18 23:19:33 2015: Starting experiment 249/250
Wed Nov 18 23:19:34 2015: Starting experiment 250/250
Sequence started at Wed Nov 18 23:13:56 2015
Wed Nov 18 23:19:36 2015: Sequence ended
