
   _|_|    _|_|_|    _|_|_|_|_|  _|_|_|  _|      _|  _|    _|    _|_|_|
 _|    _|  _|    _|      _|        _|    _|_|  _|_|  _|    _|  _|
 _|    _|  _|_|_|        _|        _|    _|  _|  _|  _|    _|    _|_|
 _|    _|  _|            _|        _|    _|      _|  _|    _|        _|
   _|_|    _|            _|      _|_|_|  _|      _|    _|_|    _|_|_|

                            KERNEL Rev 10.17

Reading sequence file Optimization2_2.seq
Verifying sequence
Thu Nov 19 06:51:47 2015: Starting experiment 1/1
OPTIMAL EXPERIMENT = 1
Thu Nov 19 06:51:49 2015: Starting experiment 2/2
Thu Nov 19 06:51:51 2015: Starting experiment 3/3
Thu Nov 19 06:51:52 2015: Starting experiment 4/4
Thu Nov 19 06:51:53 2015: Starting experiment 5/5
Thu Nov 19 06:51:55 2015: Starting experiment 6/6
Thu Nov 19 06:51:56 2015: Starting experiment 7/7
Thu Nov 19 06:51:57 2015: Starting experiment 8/8
Thu Nov 19 06:51:59 2015: Starting experiment 9/9
Thu Nov 19 06:52:00 2015: Starting experiment 10/10
Thu Nov 19 06:52:01 2015: Starting experiment 11/11
Thu Nov 19 06:52:03 2015: Starting experiment 12/12
Thu Nov 19 06:52:04 2015: Starting experiment 13/13
Thu Nov 19 06:52:05 2015: Starting experiment 14/14
OPTIMAL EXPERIMENT = 14
Thu Nov 19 06:52:06 2015: Starting experiment 15/15
Thu Nov 19 06:52:08 2015: Starting experiment 16/16
Thu Nov 19 06:52:09 2015: Starting experiment 17/17
Thu Nov 19 06:52:10 2015: Starting experiment 18/18
Thu Nov 19 06:52:12 2015: Starting experiment 19/19
Thu Nov 19 06:52:13 2015: Starting experiment 20/20
Thu Nov 19 06:52:14 2015: Starting experiment 21/21
Thu Nov 19 06:52:15 2015: Starting experiment 22/22
Thu Nov 19 06:52:17 2015: Starting experiment 23/23
Thu Nov 19 06:52:18 2015: Starting experiment 24/24
Thu Nov 19 06:52:19 2015: Starting experiment 25/25
Thu Nov 19 06:52:20 2015: Starting experiment 26/26
Thu Nov 19 06:52:22 2015: Starting experiment 27/27
Thu Nov 19 06:52:23 2015: Starting experiment 28/28
Thu Nov 19 06:52:24 2015: Starting experiment 29/29
Thu Nov 19 06:52:25 2015: Starting experiment 30/30
Thu Nov 19 06:52:27 2015: Starting experiment 31/31
Thu Nov 19 06:52:28 2015: Starting experiment 32/32
Thu Nov 19 06:52:29 2015: Starting experiment 33/33
Thu Nov 19 06:52:30 2015: Starting experiment 34/34
Thu Nov 19 06:52:31 2015: Starting experiment 35/35
Sequence started at Thu Nov 19 06:51:47 2015
Thu Nov 19 06:52:32 2015: Sequence ended
