
   _|_|    _|_|_|    _|_|_|_|_|  _|_|_|  _|      _|  _|    _|    _|_|_|
 _|    _|  _|    _|      _|        _|    _|_|  _|_|  _|    _|  _|
 _|    _|  _|_|_|        _|        _|    _|  _|  _|  _|    _|    _|_|
 _|    _|  _|            _|        _|    _|      _|  _|    _|        _|
   _|_|    _|            _|      _|_|_|  _|      _|    _|_|    _|_|_|

                            KERNEL Rev 10.17

Reading sequence file Optimization3_2.seq
Verifying sequence
Thu Nov 19 06:54:20 2015: Starting experiment 1/1
OPTIMAL EXPERIMENT = 1
Thu Nov 19 06:54:21 2015: Starting experiment 2/2
Thu Nov 19 06:54:23 2015: Starting experiment 3/3
Thu Nov 19 06:54:24 2015: Starting experiment 4/4
Thu Nov 19 06:54:25 2015: Starting experiment 5/5
Thu Nov 19 06:54:27 2015: Starting experiment 6/6
Thu Nov 19 06:54:28 2015: Starting experiment 7/7
Thu Nov 19 06:54:30 2015: Starting experiment 8/8
Thu Nov 19 06:54:31 2015: Starting experiment 9/9
Thu Nov 19 06:54:33 2015: Starting experiment 10/10
Thu Nov 19 06:54:35 2015: Starting experiment 11/11
Thu Nov 19 06:54:36 2015: Starting experiment 12/12
Thu Nov 19 06:54:37 2015: Starting experiment 13/13
Thu Nov 19 06:54:39 2015: Starting experiment 14/14
Access is denied.
optimus_kernel: ERROR: variable FDFP: Unable to open file C:\Users\tnewill\Dropbox\Business Ideas\NBAPredictor\OPTIMUS\OptimizeLineup.optdir\Graph1_2\Optimization3_2\OutputFile
optimus_kernel: ERROR: variable Sigma6: Unable to open file C:\Users\tnewill\Dropbox\Business Ideas\NBAPredictor\OPTIMUS\OptimizeLineup.optdir\Graph1_2\Optimization3_2\OutputFile
optimus_kernel: ERROR: variable Salary: Unable to open file C:\Users\tnewill\Dropbox\Business Ideas\NBAPredictor\OPTIMUS\OptimizeLineup.optdir\Graph1_2\Optimization3_2\OutputFile
Thu Nov 19 06:54:39 2015: Starting experiment 15/15
Thu Nov 19 06:54:40 2015: Starting experiment 16/16
Thu Nov 19 06:54:42 2015: Starting experiment 17/17
Thu Nov 19 06:54:43 2015: Starting experiment 18/18
Thu Nov 19 06:54:45 2015: Starting experiment 19/19
Thu Nov 19 06:54:46 2015: Starting experiment 20/20
Sequence started at Thu Nov 19 06:54:19 2015
Thu Nov 19 06:54:46 2015: Sequence ended
