
   _|_|    _|_|_|    _|_|_|_|_|  _|_|_|  _|      _|  _|    _|    _|_|_|
 _|    _|  _|    _|      _|        _|    _|_|  _|_|  _|    _|  _|
 _|    _|  _|_|_|        _|        _|    _|  _|  _|  _|    _|    _|_|
 _|    _|  _|            _|        _|    _|      _|  _|    _|        _|
   _|_|    _|            _|      _|_|_|  _|      _|    _|_|    _|_|_|

                            KERNEL Rev 10.17

Reading sequence file RANDOM_DOE_1_1.seq
Verifying sequence
Random method: Seed used for random generator = 97
Wed Nov 18 23:11:42 2015: Starting experiment 1/10
Wed Nov 18 23:11:43 2015: Starting experiment 2/10
Wed Nov 18 23:11:44 2015: Starting experiment 3/10
Wed Nov 18 23:11:45 2015: Starting experiment 4/10
Wed Nov 18 23:11:47 2015: Starting experiment 5/10
Wed Nov 18 23:11:48 2015: Starting experiment 6/10
Wed Nov 18 23:11:49 2015: Starting experiment 7/10
Wed Nov 18 23:11:50 2015: Starting experiment 8/10
Wed Nov 18 23:11:52 2015: Starting experiment 9/10
Wed Nov 18 23:11:53 2015: Starting experiment 10/10
Sequence started at Wed Nov 18 23:11:42 2015
Wed Nov 18 23:11:54 2015: Sequence ended
