
   _|_|    _|_|_|    _|_|_|_|_|  _|_|_|  _|      _|  _|    _|    _|_|_|
 _|    _|  _|    _|      _|        _|    _|_|  _|_|  _|    _|  _|
 _|    _|  _|_|_|        _|        _|    _|  _|  _|  _|    _|    _|_|
 _|    _|  _|            _|        _|    _|      _|  _|    _|        _|
   _|_|    _|            _|      _|_|_|  _|      _|    _|_|    _|_|_|

                            KERNEL Rev 10.17

Reading sequence file Optimization3_1.seq
Verifying sequence
Thu Nov 19 06:53:29 2015: Starting experiment 1/1
OPTIMAL EXPERIMENT = 1
Thu Nov 19 06:53:29 2015: Starting experiment 2/2
Thu Nov 19 06:53:29 2015: Starting experiment 3/3
Thu Nov 19 06:53:30 2015: Starting experiment 4/4
Thu Nov 19 06:53:30 2015: Starting experiment 5/5
OPTIMAL EXPERIMENT = 5
Thu Nov 19 06:53:30 2015: Starting experiment 6/6
Thu Nov 19 06:53:30 2015: Starting experiment 7/7
Thu Nov 19 06:53:31 2015: Starting experiment 8/8
Thu Nov 19 06:53:31 2015: Starting experiment 9/9
Thu Nov 19 06:53:31 2015: Starting experiment 10/10
Thu Nov 19 06:53:31 2015: Starting experiment 11/11
Thu Nov 19 06:53:31 2015: Starting experiment 12/12
Thu Nov 19 06:53:31 2015: Starting experiment 13/13
Thu Nov 19 06:53:32 2015: Starting experiment 14/14
Thu Nov 19 06:53:33 2015: Starting experiment 15/15
Thu Nov 19 06:53:34 2015: Starting experiment 16/16
Thu Nov 19 06:53:36 2015: Starting experiment 17/17
Thu Nov 19 06:53:37 2015: Starting experiment 18/18
Thu Nov 19 06:53:38 2015: Starting experiment 19/19
Thu Nov 19 06:53:40 2015: Starting experiment 20/20
Thu Nov 19 06:53:41 2015: Starting experiment 21/21
Thu Nov 19 06:53:43 2015: Starting experiment 22/22
Thu Nov 19 06:53:43 2015: Starting experiment 23/23
Thu Nov 19 06:53:43 2015: Starting experiment 24/24
Thu Nov 19 06:53:44 2015: Starting experiment 25/25
Thu Nov 19 06:53:44 2015: Starting experiment 26/26
Sequence started at Thu Nov 19 06:53:29 2015
Thu Nov 19 06:53:44 2015: Sequence ended
